2019-10-25 15:15:18.3487||DEBUG|WebApplication1.Program|init main 
2019-10-25 15:15:20.3300|3|DEBUG|Microsoft.AspNetCore.Hosting.Internal.WebHost|Hosting starting 
2019-10-25 15:15:20.5041||INFO|Microsoft.AspNetCore.DataProtection.KeyManagement.XmlKeyManager|User profile is available. Using 'C:\Users\Cavid\AppData\Local\ASP.NET\DataProtection-Keys' as key repository and Windows DPAPI to encrypt keys at rest. 
2019-10-25 15:15:20.5179|37|DEBUG|Microsoft.AspNetCore.DataProtection.Repositories.FileSystemXmlRepository|Reading data from file 'C:\Users\Cavid\AppData\Local\ASP.NET\DataProtection-Keys\key-9f0ced3c-f7e4-4d94-aea6-956e4cda0b78.xml'. 
2019-10-25 15:15:20.5368|18|DEBUG|Microsoft.AspNetCore.DataProtection.KeyManagement.XmlKeyManager|Found key {9f0ced3c-f7e4-4d94-aea6-956e4cda0b78}. 
2019-10-25 15:15:20.5576|13|DEBUG|Microsoft.AspNetCore.DataProtection.KeyManagement.DefaultKeyResolver|Considering key {9f0ced3c-f7e4-4d94-aea6-956e4cda0b78} with expiration date 2019-11-05 16:59:45Z as default key. 
2019-10-25 15:15:20.6407||DEBUG|Microsoft.AspNetCore.DataProtection.TypeForwardingActivator|Forwarded activator type request from Microsoft.AspNetCore.DataProtection.XmlEncryption.DpapiXmlDecryptor, Microsoft.AspNetCore.DataProtection, Version=2.1.1.0, Culture=neutral, PublicKeyToken=adb9793829ddae60 to Microsoft.AspNetCore.DataProtection.XmlEncryption.DpapiXmlDecryptor, Microsoft.AspNetCore.DataProtection, Culture=neutral, PublicKeyToken=adb9793829ddae60 
2019-10-25 15:15:20.6436|51|DEBUG|Microsoft.AspNetCore.DataProtection.XmlEncryption.DpapiXmlDecryptor|Decrypting secret element using Windows DPAPI. 
2019-10-25 15:15:20.6436||DEBUG|Microsoft.AspNetCore.DataProtection.TypeForwardingActivator|Forwarded activator type request from Microsoft.AspNetCore.DataProtection.AuthenticatedEncryption.ConfigurationModel.AuthenticatedEncryptorDescriptorDeserializer, Microsoft.AspNetCore.DataProtection, Version=2.1.1.0, Culture=neutral, PublicKeyToken=adb9793829ddae60 to Microsoft.AspNetCore.DataProtection.AuthenticatedEncryption.ConfigurationModel.AuthenticatedEncryptorDescriptorDeserializer, Microsoft.AspNetCore.DataProtection, Culture=neutral, PublicKeyToken=adb9793829ddae60 
2019-10-25 15:15:20.6436|4|DEBUG|Microsoft.AspNetCore.DataProtection.AuthenticatedEncryption.CngCbcAuthenticatedEncryptorFactory|Opening CNG algorithm 'AES' from provider '(null)' with chaining mode CBC. 
2019-10-25 15:15:20.6582|3|DEBUG|Microsoft.AspNetCore.DataProtection.AuthenticatedEncryption.CngCbcAuthenticatedEncryptorFactory|Opening CNG algorithm 'SHA256' from provider '(null)' with HMAC. 
2019-10-25 15:15:20.6582|2|DEBUG|Microsoft.AspNetCore.DataProtection.KeyManagement.KeyRingProvider|Using key {9f0ced3c-f7e4-4d94-aea6-956e4cda0b78} as the default key. 
2019-10-25 15:15:20.6582||DEBUG|Microsoft.AspNetCore.DataProtection.Internal.DataProtectionStartupFilter|Key ring with default key {9f0ced3c-f7e4-4d94-aea6-956e4cda0b78} was loaded during application startup. 
2019-10-25 15:15:20.7401||DEBUG|Microsoft.AspNetCore.Mvc.MvcJsonOptions|Compatibility switch AllowInputFormatterExceptionMessages in type MvcJsonOptions is using default value False 
2019-10-25 15:15:20.7673||DEBUG|Microsoft.AspNetCore.Mvc.MvcOptions|Compatibility switch AllowCombiningAuthorizeFilters in type MvcOptions is using default value False 
2019-10-25 15:15:20.7673||DEBUG|Microsoft.AspNetCore.Mvc.MvcOptions|Compatibility switch AllowBindingHeaderValuesToNonStringModelTypes in type MvcOptions is using default value False 
2019-10-25 15:15:20.7673||DEBUG|Microsoft.AspNetCore.Mvc.MvcOptions|Compatibility switch AllowValidatingTopLevelNodes in type MvcOptions is using default value False 
2019-10-25 15:15:20.7673||DEBUG|Microsoft.AspNetCore.Mvc.MvcOptions|Compatibility switch InputFormatterExceptionPolicy in type MvcOptions is using default value AllExceptions 
2019-10-25 15:15:20.7673||DEBUG|Microsoft.AspNetCore.Mvc.MvcOptions|Compatibility switch SuppressBindingUndefinedValueToEnumType in type MvcOptions is using default value False 
2019-10-25 15:15:20.7889||DEBUG|Microsoft.AspNetCore.Mvc.RazorPages.RazorPagesOptions|Compatibility switch AllowAreas in type RazorPagesOptions is using default value False 
2019-10-25 15:15:20.7889||DEBUG|Microsoft.AspNetCore.Mvc.RazorPages.RazorPagesOptions|Compatibility switch AllowMappingHeadRequestsToGetHandler in type RazorPagesOptions is using default value False 
2019-10-25 15:15:20.8488||DEBUG|Microsoft.AspNetCore.Mvc.MvcViewOptions|Compatibility switch SuppressTempDataAttributePrefix in type MvcViewOptions is using default value False 
2019-10-25 15:15:20.8962|12|DEBUG|Microsoft.AspNetCore.Mvc.ModelBinding.ModelBinderFactory|Registered model binder providers, in the following order: Microsoft.AspNetCore.Mvc.ModelBinding.Binders.BinderTypeModelBinderProvider, Microsoft.AspNetCore.Mvc.ModelBinding.Binders.ServicesModelBinderProvider, Microsoft.AspNetCore.Mvc.ModelBinding.Binders.BodyModelBinderProvider, Microsoft.AspNetCore.Mvc.ModelBinding.Binders.HeaderModelBinderProvider, Microsoft.AspNetCore.Mvc.ModelBinding.Binders.FloatingPointTypeModelBinderProvider, Microsoft.AspNetCore.Mvc.ModelBinding.Binders.EnumTypeModelBinderProvider, Microsoft.AspNetCore.Mvc.ModelBinding.Binders.SimpleTypeModelBinderProvider, Microsoft.AspNetCore.Mvc.ModelBinding.Binders.CancellationTokenModelBinderProvider, Microsoft.AspNetCore.Mvc.ModelBinding.Binders.ByteArrayModelBinderProvider, Microsoft.AspNetCore.Mvc.ModelBinding.Binders.FormFileModelBinderProvider, Microsoft.AspNetCore.Mvc.ModelBinding.Binders.FormCollectionModelBinderProvider, Microsoft.AspNetCore.Mvc.ModelBinding.Binders.KeyValuePairModelBinderProvider, Microsoft.AspNetCore.Mvc.ModelBinding.Binders.DictionaryModelBinderProvider, Microsoft.AspNetCore.Mvc.ModelBinding.Binders.ArrayModelBinderProvider, Microsoft.AspNetCore.Mvc.ModelBinding.Binders.CollectionModelBinderProvider, Microsoft.AspNetCore.Mvc.ModelBinding.Binders.ComplexTypeModelBinderProvider 
2019-10-25 15:15:20.9957|2|DEBUG|Microsoft.AspNetCore.Server.Kestrel.Core.KestrelServer|Failed to locate the development https certificate at '(null)'. 
2019-10-25 15:15:21.0741|4|DEBUG|Microsoft.AspNetCore.Hosting.Internal.WebHost|Hosting started 
2019-10-25 15:15:21.0741||DEBUG|Microsoft.AspNetCore.Hosting.Internal.WebHost|Loaded hosting startup assembly WebApplication1 
2019-10-25 15:15:21.0782||DEBUG|Microsoft.AspNetCore.Hosting.Internal.WebHost|Loaded hosting startup assembly Microsoft.AspNetCore.Server.IISIntegration 
2019-10-25 15:15:21.4662|1|DEBUG|Microsoft.AspNetCore.Server.Kestrel|Connection id "0HLQP7IG0H6U0" started. 
2019-10-25 15:15:21.5774|1|DEBUG|Microsoft.AspNetCore.Server.Kestrel|Connection id "0HLQP7IG0H6U1" started. 
2019-10-25 15:15:21.6061|1|INFO|Microsoft.AspNetCore.Hosting.Internal.WebHost|Request starting HTTP/1.1 GET http://localhost:44302/api/values   
2019-10-25 15:15:21.6061|1|INFO|Microsoft.AspNetCore.Hosting.Internal.WebHost|Request starting HTTP/1.1 DEBUG http://localhost:53890/  0 
2019-10-25 15:15:21.6101||DEBUG|Microsoft.AspNetCore.HostFiltering.HostFilteringMiddleware|Wildcard detected, all requests with hosts will be allowed. 
2019-10-25 15:15:21.6101||DEBUG|Microsoft.AspNetCore.HostFiltering.HostFilteringMiddleware|Wildcard detected, all requests with hosts will be allowed. 
2019-10-25 15:15:21.6101||TRACE|Microsoft.AspNetCore.HostFiltering.HostFilteringMiddleware|All hosts are allowed. 
2019-10-25 15:15:21.6101||TRACE|Microsoft.AspNetCore.HostFiltering.HostFilteringMiddleware|All hosts are allowed. 
2019-10-25 15:15:21.6885|9|DEBUG|Microsoft.AspNetCore.Server.Kestrel|Connection id "0HLQP7IG0H6U0" completed keep alive response. 
2019-10-25 15:15:21.6885|2|INFO|Microsoft.AspNetCore.Hosting.Internal.WebHost|Request finished in 86.4317ms 200  
2019-10-25 15:15:21.6885|4|DEBUG|Microsoft.AspNetCore.StaticFiles.StaticFileMiddleware|The request path /api/values does not match a supported file type 
2019-10-25 15:15:21.7377|3|DEBUG|Microsoft.AspNetCore.StaticFiles.StaticFileMiddleware|The request path  does not match the path filter 
2019-10-25 15:15:22.0716|1|DEBUG|Microsoft.AspNetCore.Routing.RouteBase|Request successfully matched the route with name 'default' and template '{controller=Home}/{action=Index}/{id?}'. 
2019-10-25 15:15:22.0716|3|DEBUG|Microsoft.AspNetCore.Mvc.Internal.ActionSelector|No actions matched the current request. Route values: controller=api, action=values 
2019-10-25 15:15:22.0792|3|DEBUG|Microsoft.AspNetCore.Mvc.Internal.MvcRouteHandler|No actions matched the current request. Route values: controller=api, action=values 
2019-10-25 15:15:22.0792|1|DEBUG|Microsoft.AspNetCore.Builder.RouterMiddleware|Request did not match any routes. 
2019-10-25 15:15:22.0792|9|DEBUG|Microsoft.AspNetCore.Server.Kestrel|Connection id "0HLQP7IG0H6U1" completed keep alive response. 
2019-10-25 15:15:22.0792|2|INFO|Microsoft.AspNetCore.Hosting.Internal.WebHost|Request finished in 487.3928ms 404  
2019-10-25 16:02:53.0678||DEBUG|WebApplication1.Program|init main 
2019-10-25 16:02:53.6119|3|DEBUG|Microsoft.AspNetCore.Hosting.Internal.WebHost|Hosting starting 
2019-10-25 16:02:53.7041||INFO|Microsoft.AspNetCore.DataProtection.KeyManagement.XmlKeyManager|User profile is available. Using 'C:\Users\Cavid\AppData\Local\ASP.NET\DataProtection-Keys' as key repository and Windows DPAPI to encrypt keys at rest. 
2019-10-25 16:02:53.7041|37|DEBUG|Microsoft.AspNetCore.DataProtection.Repositories.FileSystemXmlRepository|Reading data from file 'C:\Users\Cavid\AppData\Local\ASP.NET\DataProtection-Keys\key-9f0ced3c-f7e4-4d94-aea6-956e4cda0b78.xml'. 
2019-10-25 16:02:53.7305|18|DEBUG|Microsoft.AspNetCore.DataProtection.KeyManagement.XmlKeyManager|Found key {9f0ced3c-f7e4-4d94-aea6-956e4cda0b78}. 
2019-10-25 16:02:53.7491|13|DEBUG|Microsoft.AspNetCore.DataProtection.KeyManagement.DefaultKeyResolver|Considering key {9f0ced3c-f7e4-4d94-aea6-956e4cda0b78} with expiration date 2019-11-05 16:59:45Z as default key. 
2019-10-25 16:02:53.7850||DEBUG|Microsoft.AspNetCore.DataProtection.TypeForwardingActivator|Forwarded activator type request from Microsoft.AspNetCore.DataProtection.XmlEncryption.DpapiXmlDecryptor, Microsoft.AspNetCore.DataProtection, Version=2.1.1.0, Culture=neutral, PublicKeyToken=adb9793829ddae60 to Microsoft.AspNetCore.DataProtection.XmlEncryption.DpapiXmlDecryptor, Microsoft.AspNetCore.DataProtection, Culture=neutral, PublicKeyToken=adb9793829ddae60 
2019-10-25 16:02:53.7850|51|DEBUG|Microsoft.AspNetCore.DataProtection.XmlEncryption.DpapiXmlDecryptor|Decrypting secret element using Windows DPAPI. 
2019-10-25 16:02:53.7850||DEBUG|Microsoft.AspNetCore.DataProtection.TypeForwardingActivator|Forwarded activator type request from Microsoft.AspNetCore.DataProtection.AuthenticatedEncryption.ConfigurationModel.AuthenticatedEncryptorDescriptorDeserializer, Microsoft.AspNetCore.DataProtection, Version=2.1.1.0, Culture=neutral, PublicKeyToken=adb9793829ddae60 to Microsoft.AspNetCore.DataProtection.AuthenticatedEncryption.ConfigurationModel.AuthenticatedEncryptorDescriptorDeserializer, Microsoft.AspNetCore.DataProtection, Culture=neutral, PublicKeyToken=adb9793829ddae60 
2019-10-25 16:02:53.7850|4|DEBUG|Microsoft.AspNetCore.DataProtection.AuthenticatedEncryption.CngCbcAuthenticatedEncryptorFactory|Opening CNG algorithm 'AES' from provider '(null)' with chaining mode CBC. 
2019-10-25 16:02:53.8032|3|DEBUG|Microsoft.AspNetCore.DataProtection.AuthenticatedEncryption.CngCbcAuthenticatedEncryptorFactory|Opening CNG algorithm 'SHA256' from provider '(null)' with HMAC. 
2019-10-25 16:02:53.8032|2|DEBUG|Microsoft.AspNetCore.DataProtection.KeyManagement.KeyRingProvider|Using key {9f0ced3c-f7e4-4d94-aea6-956e4cda0b78} as the default key. 
2019-10-25 16:02:53.8152||DEBUG|Microsoft.AspNetCore.DataProtection.Internal.DataProtectionStartupFilter|Key ring with default key {9f0ced3c-f7e4-4d94-aea6-956e4cda0b78} was loaded during application startup. 
2019-10-25 16:02:53.8399||DEBUG|Microsoft.AspNetCore.Mvc.MvcJsonOptions|Compatibility switch AllowInputFormatterExceptionMessages in type MvcJsonOptions is using default value False 
2019-10-25 16:02:53.8535||DEBUG|Microsoft.AspNetCore.Mvc.MvcOptions|Compatibility switch AllowCombiningAuthorizeFilters in type MvcOptions is using default value False 
2019-10-25 16:02:53.8535||DEBUG|Microsoft.AspNetCore.Mvc.MvcOptions|Compatibility switch AllowBindingHeaderValuesToNonStringModelTypes in type MvcOptions is using default value False 
2019-10-25 16:02:53.8535||DEBUG|Microsoft.AspNetCore.Mvc.MvcOptions|Compatibility switch AllowValidatingTopLevelNodes in type MvcOptions is using default value False 
2019-10-25 16:02:53.8603||DEBUG|Microsoft.AspNetCore.Mvc.MvcOptions|Compatibility switch InputFormatterExceptionPolicy in type MvcOptions is using default value AllExceptions 
2019-10-25 16:02:53.8603||DEBUG|Microsoft.AspNetCore.Mvc.MvcOptions|Compatibility switch SuppressBindingUndefinedValueToEnumType in type MvcOptions is using default value False 
2019-10-25 16:02:53.8603||DEBUG|Microsoft.AspNetCore.Mvc.RazorPages.RazorPagesOptions|Compatibility switch AllowAreas in type RazorPagesOptions is using default value False 
2019-10-25 16:02:53.8759||DEBUG|Microsoft.AspNetCore.Mvc.RazorPages.RazorPagesOptions|Compatibility switch AllowMappingHeadRequestsToGetHandler in type RazorPagesOptions is using default value False 
2019-10-25 16:02:53.9106||DEBUG|Microsoft.AspNetCore.Mvc.MvcViewOptions|Compatibility switch SuppressTempDataAttributePrefix in type MvcViewOptions is using default value False 
2019-10-25 16:02:53.9395|12|DEBUG|Microsoft.AspNetCore.Mvc.ModelBinding.ModelBinderFactory|Registered model binder providers, in the following order: Microsoft.AspNetCore.Mvc.ModelBinding.Binders.BinderTypeModelBinderProvider, Microsoft.AspNetCore.Mvc.ModelBinding.Binders.ServicesModelBinderProvider, Microsoft.AspNetCore.Mvc.ModelBinding.Binders.BodyModelBinderProvider, Microsoft.AspNetCore.Mvc.ModelBinding.Binders.HeaderModelBinderProvider, Microsoft.AspNetCore.Mvc.ModelBinding.Binders.FloatingPointTypeModelBinderProvider, Microsoft.AspNetCore.Mvc.ModelBinding.Binders.EnumTypeModelBinderProvider, Microsoft.AspNetCore.Mvc.ModelBinding.Binders.SimpleTypeModelBinderProvider, Microsoft.AspNetCore.Mvc.ModelBinding.Binders.CancellationTokenModelBinderProvider, Microsoft.AspNetCore.Mvc.ModelBinding.Binders.ByteArrayModelBinderProvider, Microsoft.AspNetCore.Mvc.ModelBinding.Binders.FormFileModelBinderProvider, Microsoft.AspNetCore.Mvc.ModelBinding.Binders.FormCollectionModelBinderProvider, Microsoft.AspNetCore.Mvc.ModelBinding.Binders.KeyValuePairModelBinderProvider, Microsoft.AspNetCore.Mvc.ModelBinding.Binders.DictionaryModelBinderProvider, Microsoft.AspNetCore.Mvc.ModelBinding.Binders.ArrayModelBinderProvider, Microsoft.AspNetCore.Mvc.ModelBinding.Binders.CollectionModelBinderProvider, Microsoft.AspNetCore.Mvc.ModelBinding.Binders.ComplexTypeModelBinderProvider 
2019-10-25 16:02:54.0356|6|FATAL|Microsoft.AspNetCore.Hosting.Internal.WebHost|Application startup exception Microsoft.AspNetCore.Routing.RouteCreationException: An error occurred while creating the route with name 'default' and template '{controller=Home}/{action?=Index}/{id?}'. ---> System.ArgumentException: The route parameter name 'action?' is invalid. Route parameter names must be non-empty and cannot contain these characters: '{', '}', '/'. The '?' character marks a parameter as optional, and can occur only at the end of the parameter. The '*' character marks a parameter as catch-all, and can occur only at the start of the parameter.
Parameter name: routeTemplate
   at Microsoft.AspNetCore.Routing.Template.TemplateParser.Parse(String routeTemplate)
   at Microsoft.AspNetCore.Routing.RouteBase..ctor(String template, String name, IInlineConstraintResolver constraintResolver, RouteValueDictionary defaults, IDictionary`2 constraints, RouteValueDictionary dataTokens)
   --- End of inner exception stack trace ---
   at Microsoft.AspNetCore.Routing.RouteBase..ctor(String template, String name, IInlineConstraintResolver constraintResolver, RouteValueDictionary defaults, IDictionary`2 constraints, RouteValueDictionary dataTokens)
   at Microsoft.AspNetCore.Builder.MapRouteRouteBuilderExtensions.MapRoute(IRouteBuilder routeBuilder, String name, String template, Object defaults, Object constraints, Object dataTokens)
   at Microsoft.AspNetCore.Builder.MapRouteRouteBuilderExtensions.MapRoute(IRouteBuilder routeBuilder, String name, String template)
   at WebApplication1.Startup.<>c.<Configure>b__5_1(IRouteBuilder routes) in C:\Users\Cavid\Desktop\Convert-Soap-To-Rest-service-Test-Project-master\Convert-Soap-To-Rest-service-Test-Project-master\WebApplication1\Startup.cs:line 68
   at Microsoft.AspNetCore.Builder.MvcApplicationBuilderExtensions.UseMvc(IApplicationBuilder app, Action`1 configureRoutes)
   at WebApplication1.Startup.Configure(IApplicationBuilder app, IHostingEnvironment env) in C:\Users\Cavid\Desktop\Convert-Soap-To-Rest-service-Test-Project-master\Convert-Soap-To-Rest-service-Test-Project-master\WebApplication1\Startup.cs:line 67
--- End of stack trace from previous location where exception was thrown ---
   at Microsoft.AspNetCore.Hosting.ConventionBasedStartup.Configure(IApplicationBuilder app)
   at Microsoft.AspNetCore.Server.IISIntegration.IISSetupFilter.<>c__DisplayClass4_0.<Configure>b__0(IApplicationBuilder app)
   at Microsoft.AspNetCore.HostFilteringStartupFilter.<>c__DisplayClass0_0.<Configure>b__0(IApplicationBuilder app)
   at Microsoft.AspNetCore.Hosting.Internal.AutoRequestServicesStartupFilter.<>c__DisplayClass0_0.<Configure>b__0(IApplicationBuilder builder)
   at Microsoft.AspNetCore.Hosting.Internal.WebHost.BuildApplication()
2019-10-25 16:02:54.0583|2|DEBUG|Microsoft.AspNetCore.Server.Kestrel.Core.KestrelServer|Failed to locate the development https certificate at '(null)'. 
2019-10-25 16:02:54.1132|4|DEBUG|Microsoft.AspNetCore.Hosting.Internal.WebHost|Hosting started 
2019-10-25 16:02:54.1132||DEBUG|Microsoft.AspNetCore.Hosting.Internal.WebHost|Loaded hosting startup assembly WebApplication1 
2019-10-25 16:02:54.1132||DEBUG|Microsoft.AspNetCore.Hosting.Internal.WebHost|Loaded hosting startup assembly Microsoft.AspNetCore.Server.IISIntegration 
2019-10-25 16:02:54.2635|1|DEBUG|Microsoft.AspNetCore.Server.Kestrel|Connection id "0HLQP8D277LQQ" started. 
2019-10-25 16:02:54.3610|1|INFO|Microsoft.AspNetCore.Hosting.Internal.WebHost|Request starting HTTP/1.1 GET http://localhost:44302/api/values   
2019-10-25 16:02:54.4015|9|DEBUG|Microsoft.AspNetCore.Server.Kestrel|Connection id "0HLQP8D277LQQ" completed keep alive response. 
2019-10-25 16:02:54.4122|2|INFO|Microsoft.AspNetCore.Hosting.Internal.WebHost|Request finished in 50.3809ms 500 text/html; charset=utf-8 
2019-10-25 16:02:54.7255|1|INFO|Microsoft.AspNetCore.Hosting.Internal.WebHost|Request starting HTTP/1.1 GET http://localhost:44302/favicon.ico   
2019-10-25 16:02:54.7386|9|DEBUG|Microsoft.AspNetCore.Server.Kestrel|Connection id "0HLQP8D277LQQ" completed keep alive response. 
2019-10-25 16:02:54.7386|2|INFO|Microsoft.AspNetCore.Hosting.Internal.WebHost|Request finished in 15.2122ms 500 text/html; charset=utf-8 
2019-10-25 16:03:16.7830||DEBUG|WebApplication1.Program|init main 
2019-10-25 16:03:17.2503|3|DEBUG|Microsoft.AspNetCore.Hosting.Internal.WebHost|Hosting starting 
2019-10-25 16:03:17.3298||INFO|Microsoft.AspNetCore.DataProtection.KeyManagement.XmlKeyManager|User profile is available. Using 'C:\Users\Cavid\AppData\Local\ASP.NET\DataProtection-Keys' as key repository and Windows DPAPI to encrypt keys at rest. 
2019-10-25 16:03:17.3298|37|DEBUG|Microsoft.AspNetCore.DataProtection.Repositories.FileSystemXmlRepository|Reading data from file 'C:\Users\Cavid\AppData\Local\ASP.NET\DataProtection-Keys\key-9f0ced3c-f7e4-4d94-aea6-956e4cda0b78.xml'. 
2019-10-25 16:03:17.3517|18|DEBUG|Microsoft.AspNetCore.DataProtection.KeyManagement.XmlKeyManager|Found key {9f0ced3c-f7e4-4d94-aea6-956e4cda0b78}. 
2019-10-25 16:03:17.3679|13|DEBUG|Microsoft.AspNetCore.DataProtection.KeyManagement.DefaultKeyResolver|Considering key {9f0ced3c-f7e4-4d94-aea6-956e4cda0b78} with expiration date 2019-11-05 16:59:45Z as default key. 
2019-10-25 16:03:17.4020||DEBUG|Microsoft.AspNetCore.DataProtection.TypeForwardingActivator|Forwarded activator type request from Microsoft.AspNetCore.DataProtection.XmlEncryption.DpapiXmlDecryptor, Microsoft.AspNetCore.DataProtection, Version=2.1.1.0, Culture=neutral, PublicKeyToken=adb9793829ddae60 to Microsoft.AspNetCore.DataProtection.XmlEncryption.DpapiXmlDecryptor, Microsoft.AspNetCore.DataProtection, Culture=neutral, PublicKeyToken=adb9793829ddae60 
2019-10-25 16:03:17.4020|51|DEBUG|Microsoft.AspNetCore.DataProtection.XmlEncryption.DpapiXmlDecryptor|Decrypting secret element using Windows DPAPI. 
2019-10-25 16:03:17.4084||DEBUG|Microsoft.AspNetCore.DataProtection.TypeForwardingActivator|Forwarded activator type request from Microsoft.AspNetCore.DataProtection.AuthenticatedEncryption.ConfigurationModel.AuthenticatedEncryptorDescriptorDeserializer, Microsoft.AspNetCore.DataProtection, Version=2.1.1.0, Culture=neutral, PublicKeyToken=adb9793829ddae60 to Microsoft.AspNetCore.DataProtection.AuthenticatedEncryption.ConfigurationModel.AuthenticatedEncryptorDescriptorDeserializer, Microsoft.AspNetCore.DataProtection, Culture=neutral, PublicKeyToken=adb9793829ddae60 
2019-10-25 16:03:17.4084|4|DEBUG|Microsoft.AspNetCore.DataProtection.AuthenticatedEncryption.CngCbcAuthenticatedEncryptorFactory|Opening CNG algorithm 'AES' from provider '(null)' with chaining mode CBC. 
2019-10-25 16:03:17.4084|3|DEBUG|Microsoft.AspNetCore.DataProtection.AuthenticatedEncryption.CngCbcAuthenticatedEncryptorFactory|Opening CNG algorithm 'SHA256' from provider '(null)' with HMAC. 
2019-10-25 16:03:17.4252|2|DEBUG|Microsoft.AspNetCore.DataProtection.KeyManagement.KeyRingProvider|Using key {9f0ced3c-f7e4-4d94-aea6-956e4cda0b78} as the default key. 
2019-10-25 16:03:17.4252||DEBUG|Microsoft.AspNetCore.DataProtection.Internal.DataProtectionStartupFilter|Key ring with default key {9f0ced3c-f7e4-4d94-aea6-956e4cda0b78} was loaded during application startup. 
2019-10-25 16:03:17.4506||DEBUG|Microsoft.AspNetCore.Mvc.MvcJsonOptions|Compatibility switch AllowInputFormatterExceptionMessages in type MvcJsonOptions is using default value False 
2019-10-25 16:03:17.4631||DEBUG|Microsoft.AspNetCore.Mvc.MvcOptions|Compatibility switch AllowCombiningAuthorizeFilters in type MvcOptions is using default value False 
2019-10-25 16:03:17.4631||DEBUG|Microsoft.AspNetCore.Mvc.MvcOptions|Compatibility switch AllowBindingHeaderValuesToNonStringModelTypes in type MvcOptions is using default value False 
2019-10-25 16:03:17.4631||DEBUG|Microsoft.AspNetCore.Mvc.MvcOptions|Compatibility switch AllowValidatingTopLevelNodes in type MvcOptions is using default value False 
2019-10-25 16:03:17.4631||DEBUG|Microsoft.AspNetCore.Mvc.MvcOptions|Compatibility switch InputFormatterExceptionPolicy in type MvcOptions is using default value AllExceptions 
2019-10-25 16:03:17.4707||DEBUG|Microsoft.AspNetCore.Mvc.MvcOptions|Compatibility switch SuppressBindingUndefinedValueToEnumType in type MvcOptions is using default value False 
2019-10-25 16:03:17.4707||DEBUG|Microsoft.AspNetCore.Mvc.RazorPages.RazorPagesOptions|Compatibility switch AllowAreas in type RazorPagesOptions is using default value False 
2019-10-25 16:03:17.4707||DEBUG|Microsoft.AspNetCore.Mvc.RazorPages.RazorPagesOptions|Compatibility switch AllowMappingHeadRequestsToGetHandler in type RazorPagesOptions is using default value False 
2019-10-25 16:03:17.5109||DEBUG|Microsoft.AspNetCore.Mvc.MvcViewOptions|Compatibility switch SuppressTempDataAttributePrefix in type MvcViewOptions is using default value False 
2019-10-25 16:03:17.5374|12|DEBUG|Microsoft.AspNetCore.Mvc.ModelBinding.ModelBinderFactory|Registered model binder providers, in the following order: Microsoft.AspNetCore.Mvc.ModelBinding.Binders.BinderTypeModelBinderProvider, Microsoft.AspNetCore.Mvc.ModelBinding.Binders.ServicesModelBinderProvider, Microsoft.AspNetCore.Mvc.ModelBinding.Binders.BodyModelBinderProvider, Microsoft.AspNetCore.Mvc.ModelBinding.Binders.HeaderModelBinderProvider, Microsoft.AspNetCore.Mvc.ModelBinding.Binders.FloatingPointTypeModelBinderProvider, Microsoft.AspNetCore.Mvc.ModelBinding.Binders.EnumTypeModelBinderProvider, Microsoft.AspNetCore.Mvc.ModelBinding.Binders.SimpleTypeModelBinderProvider, Microsoft.AspNetCore.Mvc.ModelBinding.Binders.CancellationTokenModelBinderProvider, Microsoft.AspNetCore.Mvc.ModelBinding.Binders.ByteArrayModelBinderProvider, Microsoft.AspNetCore.Mvc.ModelBinding.Binders.FormFileModelBinderProvider, Microsoft.AspNetCore.Mvc.ModelBinding.Binders.FormCollectionModelBinderProvider, Microsoft.AspNetCore.Mvc.ModelBinding.Binders.KeyValuePairModelBinderProvider, Microsoft.AspNetCore.Mvc.ModelBinding.Binders.DictionaryModelBinderProvider, Microsoft.AspNetCore.Mvc.ModelBinding.Binders.ArrayModelBinderProvider, Microsoft.AspNetCore.Mvc.ModelBinding.Binders.CollectionModelBinderProvider, Microsoft.AspNetCore.Mvc.ModelBinding.Binders.ComplexTypeModelBinderProvider 
2019-10-25 16:03:17.6081|6|FATAL|Microsoft.AspNetCore.Hosting.Internal.WebHost|Application startup exception Microsoft.AspNetCore.Routing.RouteCreationException: An error occurred while creating the route with name 'default' and template '{controller=Home}/{action=Index?}/{id?}'. ---> System.ArgumentException: An optional parameter cannot have default value.
Parameter name: routeTemplate
   at Microsoft.AspNetCore.Routing.Template.TemplateParser.Parse(String routeTemplate)
   at Microsoft.AspNetCore.Routing.RouteBase..ctor(String template, String name, IInlineConstraintResolver constraintResolver, RouteValueDictionary defaults, IDictionary`2 constraints, RouteValueDictionary dataTokens)
   --- End of inner exception stack trace ---
   at Microsoft.AspNetCore.Routing.RouteBase..ctor(String template, String name, IInlineConstraintResolver constraintResolver, RouteValueDictionary defaults, IDictionary`2 constraints, RouteValueDictionary dataTokens)
   at Microsoft.AspNetCore.Builder.MapRouteRouteBuilderExtensions.MapRoute(IRouteBuilder routeBuilder, String name, String template, Object defaults, Object constraints, Object dataTokens)
   at Microsoft.AspNetCore.Builder.MapRouteRouteBuilderExtensions.MapRoute(IRouteBuilder routeBuilder, String name, String template)
   at WebApplication1.Startup.<>c.<Configure>b__5_1(IRouteBuilder routes) in C:\Users\Cavid\Desktop\Convert-Soap-To-Rest-service-Test-Project-master\Convert-Soap-To-Rest-service-Test-Project-master\WebApplication1\Startup.cs:line 68
   at Microsoft.AspNetCore.Builder.MvcApplicationBuilderExtensions.UseMvc(IApplicationBuilder app, Action`1 configureRoutes)
   at WebApplication1.Startup.Configure(IApplicationBuilder app, IHostingEnvironment env) in C:\Users\Cavid\Desktop\Convert-Soap-To-Rest-service-Test-Project-master\Convert-Soap-To-Rest-service-Test-Project-master\WebApplication1\Startup.cs:line 67
--- End of stack trace from previous location where exception was thrown ---
   at Microsoft.AspNetCore.Hosting.ConventionBasedStartup.Configure(IApplicationBuilder app)
   at Microsoft.AspNetCore.Server.IISIntegration.IISSetupFilter.<>c__DisplayClass4_0.<Configure>b__0(IApplicationBuilder app)
   at Microsoft.AspNetCore.HostFilteringStartupFilter.<>c__DisplayClass0_0.<Configure>b__0(IApplicationBuilder app)
   at Microsoft.AspNetCore.Hosting.Internal.AutoRequestServicesStartupFilter.<>c__DisplayClass0_0.<Configure>b__0(IApplicationBuilder builder)
   at Microsoft.AspNetCore.Hosting.Internal.WebHost.BuildApplication()
2019-10-25 16:03:17.6289|2|DEBUG|Microsoft.AspNetCore.Server.Kestrel.Core.KestrelServer|Failed to locate the development https certificate at '(null)'. 
2019-10-25 16:03:17.6831|4|DEBUG|Microsoft.AspNetCore.Hosting.Internal.WebHost|Hosting started 
2019-10-25 16:03:17.6831||DEBUG|Microsoft.AspNetCore.Hosting.Internal.WebHost|Loaded hosting startup assembly WebApplication1 
2019-10-25 16:03:17.6831||DEBUG|Microsoft.AspNetCore.Hosting.Internal.WebHost|Loaded hosting startup assembly Microsoft.AspNetCore.Server.IISIntegration 
2019-10-25 16:03:17.8655|1|DEBUG|Microsoft.AspNetCore.Server.Kestrel|Connection id "0HLQP8D97VR1R" started. 
2019-10-25 16:03:17.9969|1|INFO|Microsoft.AspNetCore.Hosting.Internal.WebHost|Request starting HTTP/1.1 GET http://localhost:44302/api/values   
2019-10-25 16:03:18.0296|9|DEBUG|Microsoft.AspNetCore.Server.Kestrel|Connection id "0HLQP8D97VR1R" completed keep alive response. 
2019-10-25 16:03:18.0362|2|INFO|Microsoft.AspNetCore.Hosting.Internal.WebHost|Request finished in 39.4644ms 500 text/html; charset=utf-8 
2019-10-25 16:03:18.1150|1|INFO|Microsoft.AspNetCore.Hosting.Internal.WebHost|Request starting HTTP/1.1 GET http://localhost:44302/favicon.ico   
2019-10-25 16:03:18.1290|9|DEBUG|Microsoft.AspNetCore.Server.Kestrel|Connection id "0HLQP8D97VR1R" completed keep alive response. 
2019-10-25 16:03:18.1290|2|INFO|Microsoft.AspNetCore.Hosting.Internal.WebHost|Request finished in 17.0291ms 500 text/html; charset=utf-8 
2019-10-25 16:03:27.8189||DEBUG|WebApplication1.Program|init main 
2019-10-25 16:03:28.2859|3|DEBUG|Microsoft.AspNetCore.Hosting.Internal.WebHost|Hosting starting 
2019-10-25 16:03:28.3651||INFO|Microsoft.AspNetCore.DataProtection.KeyManagement.XmlKeyManager|User profile is available. Using 'C:\Users\Cavid\AppData\Local\ASP.NET\DataProtection-Keys' as key repository and Windows DPAPI to encrypt keys at rest. 
2019-10-25 16:03:28.3773|37|DEBUG|Microsoft.AspNetCore.DataProtection.Repositories.FileSystemXmlRepository|Reading data from file 'C:\Users\Cavid\AppData\Local\ASP.NET\DataProtection-Keys\key-9f0ced3c-f7e4-4d94-aea6-956e4cda0b78.xml'. 
2019-10-25 16:03:28.3773|18|DEBUG|Microsoft.AspNetCore.DataProtection.KeyManagement.XmlKeyManager|Found key {9f0ced3c-f7e4-4d94-aea6-956e4cda0b78}. 
2019-10-25 16:03:28.4043|13|DEBUG|Microsoft.AspNetCore.DataProtection.KeyManagement.DefaultKeyResolver|Considering key {9f0ced3c-f7e4-4d94-aea6-956e4cda0b78} with expiration date 2019-11-05 16:59:45Z as default key. 
2019-10-25 16:03:28.4368||DEBUG|Microsoft.AspNetCore.DataProtection.TypeForwardingActivator|Forwarded activator type request from Microsoft.AspNetCore.DataProtection.XmlEncryption.DpapiXmlDecryptor, Microsoft.AspNetCore.DataProtection, Version=2.1.1.0, Culture=neutral, PublicKeyToken=adb9793829ddae60 to Microsoft.AspNetCore.DataProtection.XmlEncryption.DpapiXmlDecryptor, Microsoft.AspNetCore.DataProtection, Culture=neutral, PublicKeyToken=adb9793829ddae60 
2019-10-25 16:03:28.4399|51|DEBUG|Microsoft.AspNetCore.DataProtection.XmlEncryption.DpapiXmlDecryptor|Decrypting secret element using Windows DPAPI. 
2019-10-25 16:03:28.4399||DEBUG|Microsoft.AspNetCore.DataProtection.TypeForwardingActivator|Forwarded activator type request from Microsoft.AspNetCore.DataProtection.AuthenticatedEncryption.ConfigurationModel.AuthenticatedEncryptorDescriptorDeserializer, Microsoft.AspNetCore.DataProtection, Version=2.1.1.0, Culture=neutral, PublicKeyToken=adb9793829ddae60 to Microsoft.AspNetCore.DataProtection.AuthenticatedEncryption.ConfigurationModel.AuthenticatedEncryptorDescriptorDeserializer, Microsoft.AspNetCore.DataProtection, Culture=neutral, PublicKeyToken=adb9793829ddae60 
2019-10-25 16:03:28.4399|4|DEBUG|Microsoft.AspNetCore.DataProtection.AuthenticatedEncryption.CngCbcAuthenticatedEncryptorFactory|Opening CNG algorithm 'AES' from provider '(null)' with chaining mode CBC. 
2019-10-25 16:03:28.4399|3|DEBUG|Microsoft.AspNetCore.DataProtection.AuthenticatedEncryption.CngCbcAuthenticatedEncryptorFactory|Opening CNG algorithm 'SHA256' from provider '(null)' with HMAC. 
2019-10-25 16:03:28.4587|2|DEBUG|Microsoft.AspNetCore.DataProtection.KeyManagement.KeyRingProvider|Using key {9f0ced3c-f7e4-4d94-aea6-956e4cda0b78} as the default key. 
2019-10-25 16:03:28.4587||DEBUG|Microsoft.AspNetCore.DataProtection.Internal.DataProtectionStartupFilter|Key ring with default key {9f0ced3c-f7e4-4d94-aea6-956e4cda0b78} was loaded during application startup. 
2019-10-25 16:03:28.4819||DEBUG|Microsoft.AspNetCore.Mvc.MvcJsonOptions|Compatibility switch AllowInputFormatterExceptionMessages in type MvcJsonOptions is using default value False 
2019-10-25 16:03:28.4940||DEBUG|Microsoft.AspNetCore.Mvc.MvcOptions|Compatibility switch AllowCombiningAuthorizeFilters in type MvcOptions is using default value False 
2019-10-25 16:03:28.4940||DEBUG|Microsoft.AspNetCore.Mvc.MvcOptions|Compatibility switch AllowBindingHeaderValuesToNonStringModelTypes in type MvcOptions is using default value False 
2019-10-25 16:03:28.4940||DEBUG|Microsoft.AspNetCore.Mvc.MvcOptions|Compatibility switch AllowValidatingTopLevelNodes in type MvcOptions is using default value False 
2019-10-25 16:03:28.4940||DEBUG|Microsoft.AspNetCore.Mvc.MvcOptions|Compatibility switch InputFormatterExceptionPolicy in type MvcOptions is using default value AllExceptions 
2019-10-25 16:03:28.5013||DEBUG|Microsoft.AspNetCore.Mvc.MvcOptions|Compatibility switch SuppressBindingUndefinedValueToEnumType in type MvcOptions is using default value False 
2019-10-25 16:03:28.5013||DEBUG|Microsoft.AspNetCore.Mvc.RazorPages.RazorPagesOptions|Compatibility switch AllowAreas in type RazorPagesOptions is using default value False 
2019-10-25 16:03:28.5013||DEBUG|Microsoft.AspNetCore.Mvc.RazorPages.RazorPagesOptions|Compatibility switch AllowMappingHeadRequestsToGetHandler in type RazorPagesOptions is using default value False 
2019-10-25 16:03:28.5415||DEBUG|Microsoft.AspNetCore.Mvc.MvcViewOptions|Compatibility switch SuppressTempDataAttributePrefix in type MvcViewOptions is using default value False 
2019-10-25 16:03:28.5689|12|DEBUG|Microsoft.AspNetCore.Mvc.ModelBinding.ModelBinderFactory|Registered model binder providers, in the following order: Microsoft.AspNetCore.Mvc.ModelBinding.Binders.BinderTypeModelBinderProvider, Microsoft.AspNetCore.Mvc.ModelBinding.Binders.ServicesModelBinderProvider, Microsoft.AspNetCore.Mvc.ModelBinding.Binders.BodyModelBinderProvider, Microsoft.AspNetCore.Mvc.ModelBinding.Binders.HeaderModelBinderProvider, Microsoft.AspNetCore.Mvc.ModelBinding.Binders.FloatingPointTypeModelBinderProvider, Microsoft.AspNetCore.Mvc.ModelBinding.Binders.EnumTypeModelBinderProvider, Microsoft.AspNetCore.Mvc.ModelBinding.Binders.SimpleTypeModelBinderProvider, Microsoft.AspNetCore.Mvc.ModelBinding.Binders.CancellationTokenModelBinderProvider, Microsoft.AspNetCore.Mvc.ModelBinding.Binders.ByteArrayModelBinderProvider, Microsoft.AspNetCore.Mvc.ModelBinding.Binders.FormFileModelBinderProvider, Microsoft.AspNetCore.Mvc.ModelBinding.Binders.FormCollectionModelBinderProvider, Microsoft.AspNetCore.Mvc.ModelBinding.Binders.KeyValuePairModelBinderProvider, Microsoft.AspNetCore.Mvc.ModelBinding.Binders.DictionaryModelBinderProvider, Microsoft.AspNetCore.Mvc.ModelBinding.Binders.ArrayModelBinderProvider, Microsoft.AspNetCore.Mvc.ModelBinding.Binders.CollectionModelBinderProvider, Microsoft.AspNetCore.Mvc.ModelBinding.Binders.ComplexTypeModelBinderProvider 
2019-10-25 16:03:28.6496|2|DEBUG|Microsoft.AspNetCore.Server.Kestrel.Core.KestrelServer|Failed to locate the development https certificate at '(null)'. 
2019-10-25 16:03:28.7302|4|DEBUG|Microsoft.AspNetCore.Hosting.Internal.WebHost|Hosting started 
2019-10-25 16:03:28.7302||DEBUG|Microsoft.AspNetCore.Hosting.Internal.WebHost|Loaded hosting startup assembly WebApplication1 
2019-10-25 16:03:28.7365||DEBUG|Microsoft.AspNetCore.Hosting.Internal.WebHost|Loaded hosting startup assembly Microsoft.AspNetCore.Server.IISIntegration 
2019-10-25 16:03:28.8626|1|DEBUG|Microsoft.AspNetCore.Server.Kestrel|Connection id "0HLQP8DCH0K7L" started. 
2019-10-25 16:03:28.9932|1|INFO|Microsoft.AspNetCore.Hosting.Internal.WebHost|Request starting HTTP/1.1 GET http://localhost:44302/api/values   
2019-10-25 16:03:28.9932||DEBUG|Microsoft.AspNetCore.HostFiltering.HostFilteringMiddleware|Wildcard detected, all requests with hosts will be allowed. 
2019-10-25 16:03:29.0031||TRACE|Microsoft.AspNetCore.HostFiltering.HostFilteringMiddleware|All hosts are allowed. 
2019-10-25 16:03:29.0322|4|DEBUG|Microsoft.AspNetCore.StaticFiles.StaticFileMiddleware|The request path /api/values does not match a supported file type 
2019-10-25 16:03:29.0650|3|DEBUG|Microsoft.AspNetCore.StaticFiles.StaticFileMiddleware|The request path  does not match the path filter 
2019-10-25 16:03:29.2052|1|DEBUG|Microsoft.AspNetCore.Routing.RouteBase|Request successfully matched the route with name 'default' and template '{controller=Home}/{action=Index}/{id?}'. 
2019-10-25 16:03:29.2052|3|DEBUG|Microsoft.AspNetCore.Mvc.Internal.ActionSelector|No actions matched the current request. Route values: controller=api, action=values 
2019-10-25 16:03:29.2052|3|DEBUG|Microsoft.AspNetCore.Mvc.Internal.MvcRouteHandler|No actions matched the current request. Route values: controller=api, action=values 
2019-10-25 16:03:29.2052|1|DEBUG|Microsoft.AspNetCore.Builder.RouterMiddleware|Request did not match any routes. 
2019-10-25 16:03:29.2199|9|DEBUG|Microsoft.AspNetCore.Server.Kestrel|Connection id "0HLQP8DCH0K7L" completed keep alive response. 
2019-10-25 16:03:29.2199|2|INFO|Microsoft.AspNetCore.Hosting.Internal.WebHost|Request finished in 233.4808ms 404  
2019-10-25 16:04:44.2213|6|DEBUG|Microsoft.AspNetCore.Server.Kestrel.Transport.Sockets|Connection id "0HLQP8DCH0K7L" received FIN. 
2019-10-25 16:04:44.2213|10|DEBUG|Microsoft.AspNetCore.Server.Kestrel|Connection id "0HLQP8DCH0K7L" disconnecting. 
2019-10-25 16:04:44.2367|7|DEBUG|Microsoft.AspNetCore.Server.Kestrel.Transport.Sockets|Connection id "0HLQP8DCH0K7L" sending FIN. 
2019-10-25 16:04:44.2514|2|DEBUG|Microsoft.AspNetCore.Server.Kestrel|Connection id "0HLQP8DCH0K7L" stopped. 
